
========================================
Pipeline run: Mon Apr 20 11:53:54 AM PDT 2026
========================================
--- weather_gatherer.py ---
Last weather data: 2026-04-07, backfilling 13 day(s)
Fetching weather for 2026-04-08: https://www.wunderground.com/dashboard/pws/KCABERKE272/table/2026-04-08/2026-04-08/daily
  2026-04-08: 288 rows appended
Fetching weather for 2026-04-09: https://www.wunderground.com/dashboard/pws/KCABERKE272/table/2026-04-09/2026-04-09/daily
Traceback (most recent call last):
  File "/home/dosenet/radwatch-airmonitor/image_scripts/weather_gatherer.py", line 250, in <module>
    gather_data()
  File "/home/dosenet/radwatch-airmonitor/image_scripts/weather_gatherer.py", line 152, in gather_data
    total_rows = scrape_days(dates)
                 ^^^^^^^^^^^^^^^^^^
  File "/home/dosenet/radwatch-airmonitor/image_scripts/weather_gatherer.py", line 122, in scrape_days
    df = scrape_day(date)
         ^^^^^^^^^^^^^^^^
  File "/home/dosenet/radwatch-airmonitor/image_scripts/weather_gatherer.py", line 82, in scrape_day
    tables = pd.read_html(url, header=0)
             ^^^^^^^^^^^^^^^^^^^^^^^^^^^
  File "/home/dosenet/anaconda3/envs/radwatch/lib/python3.12/site-packages/pandas/io/html.py", line 1226, in read_html
    return _parse(
           ^^^^^^^
  File "/home/dosenet/anaconda3/envs/radwatch/lib/python3.12/site-packages/pandas/io/html.py", line 979, in _parse
    tables = p.parse_tables()
             ^^^^^^^^^^^^^^^^
  File "/home/dosenet/anaconda3/envs/radwatch/lib/python3.12/site-packages/pandas/io/html.py", line 237, in parse_tables
    tables = self._parse_tables(self._build_doc(), self.match, self.attrs)
                                ^^^^^^^^^^^^^^^^^
  File "/home/dosenet/anaconda3/envs/radwatch/lib/python3.12/site-packages/pandas/io/html.py", line 789, in _build_doc
    with get_handle(self.io, "r", storage_options=self.storage_options) as f:
         ^^^^^^^^^^^^^^^^^^^^^^^^^^^^^^^^^^^^^^^^^^^^^^^^^^^^^^^^^^^^^^
  File "/home/dosenet/anaconda3/envs/radwatch/lib/python3.12/site-packages/pandas/io/common.py", line 772, in get_handle
    ioargs = _get_filepath_or_buffer(
             ^^^^^^^^^^^^^^^^^^^^^^^^
  File "/home/dosenet/anaconda3/envs/radwatch/lib/python3.12/site-packages/pandas/io/common.py", line 404, in _get_filepath_or_buffer
    with urlopen(req_info) as req:
         ^^^^^^^^^^^^^^^^^
  File "/home/dosenet/anaconda3/envs/radwatch/lib/python3.12/site-packages/pandas/io/common.py", line 281, in urlopen
    return urllib.request.urlopen(*args, **kwargs)  # noqa: TID251
           ^^^^^^^^^^^^^^^^^^^^^^^^^^^^^^^^^^^^^^^
  File "/home/dosenet/anaconda3/envs/radwatch/lib/python3.12/urllib/request.py", line 215, in urlopen
    return opener.open(url, data, timeout)
           ^^^^^^^^^^^^^^^^^^^^^^^^^^^^^^^
  File "/home/dosenet/anaconda3/envs/radwatch/lib/python3.12/urllib/request.py", line 515, in open
    response = self._open(req, data)
               ^^^^^^^^^^^^^^^^^^^^^
  File "/home/dosenet/anaconda3/envs/radwatch/lib/python3.12/urllib/request.py", line 532, in _open
    result = self._call_chain(self.handle_open, protocol, protocol +
             ^^^^^^^^^^^^^^^^^^^^^^^^^^^^^^^^^^^^^^^^^^^^^^^^^^^^^^^
  File "/home/dosenet/anaconda3/envs/radwatch/lib/python3.12/urllib/request.py", line 492, in _call_chain
    result = func(*args)
             ^^^^^^^^^^^
  File "/home/dosenet/anaconda3/envs/radwatch/lib/python3.12/urllib/request.py", line 1392, in https_open
    return self.do_open(http.client.HTTPSConnection, req,
           ^^^^^^^^^^^^^^^^^^^^^^^^^^^^^^^^^^^^^^^^^^^^^^
  File "/home/dosenet/anaconda3/envs/radwatch/lib/python3.12/urllib/request.py", line 1348, in do_open
    r = h.getresponse()
        ^^^^^^^^^^^^^^^
  File "/home/dosenet/anaconda3/envs/radwatch/lib/python3.12/http/client.py", line 1450, in getresponse
    response.begin()
  File "/home/dosenet/anaconda3/envs/radwatch/lib/python3.12/http/client.py", line 336, in begin
    version, status, reason = self._read_status()
                              ^^^^^^^^^^^^^^^^^^^
  File "/home/dosenet/anaconda3/envs/radwatch/lib/python3.12/http/client.py", line 297, in _read_status
    line = str(self.fp.readline(_MAXLINE + 1), "iso-8859-1")
               ^^^^^^^^^^^^^^^^^^^^^^^^^^^^^^
  File "/home/dosenet/anaconda3/envs/radwatch/lib/python3.12/socket.py", line 720, in readinto
    return self._sock.recv_into(b)
           ^^^^^^^^^^^^^^^^^^^^^^^
  File "/home/dosenet/anaconda3/envs/radwatch/lib/python3.12/ssl.py", line 1251, in recv_into
    return self.read(nbytes, buffer)
           ^^^^^^^^^^^^^^^^^^^^^^^^^
  File "/home/dosenet/anaconda3/envs/radwatch/lib/python3.12/ssl.py", line 1103, in read
    return self._sslobj.read(len, buffer)
           ^^^^^^^^^^^^^^^^^^^^^^^^^^^^^^
KeyboardInterrupt

========================================
Pipeline run: Mon Apr 20 11:54:07 AM PDT 2026
========================================
--- weather_gatherer.py ---
Last weather data: 2026-04-08, backfilling 12 day(s)
Fetching weather for 2026-04-09: https://www.wunderground.com/dashboard/pws/KCABERKE272/table/2026-04-09/2026-04-09/daily
  2026-04-09: 288 rows appended
Fetching weather for 2026-04-10: https://www.wunderground.com/dashboard/pws/KCABERKE272/table/2026-04-10/2026-04-10/daily
  2026-04-10: 287 rows appended
Fetching weather for 2026-04-11: https://www.wunderground.com/dashboard/pws/KCABERKE272/table/2026-04-11/2026-04-11/daily
  2026-04-11: 288 rows appended
Fetching weather for 2026-04-12: https://www.wunderground.com/dashboard/pws/KCABERKE272/table/2026-04-12/2026-04-12/daily
  2026-04-12: 288 rows appended
Fetching weather for 2026-04-13: https://www.wunderground.com/dashboard/pws/KCABERKE272/table/2026-04-13/2026-04-13/daily
  2026-04-13: 288 rows appended
Fetching weather for 2026-04-14: https://www.wunderground.com/dashboard/pws/KCABERKE272/table/2026-04-14/2026-04-14/daily
  2026-04-14: 288 rows appended
Fetching weather for 2026-04-15: https://www.wunderground.com/dashboard/pws/KCABERKE272/table/2026-04-15/2026-04-15/daily
  2026-04-15: 288 rows appended
Fetching weather for 2026-04-16: https://www.wunderground.com/dashboard/pws/KCABERKE272/table/2026-04-16/2026-04-16/daily
  2026-04-16: 288 rows appended
Fetching weather for 2026-04-17: https://www.wunderground.com/dashboard/pws/KCABERKE272/table/2026-04-17/2026-04-17/daily
  2026-04-17: 288 rows appended
Fetching weather for 2026-04-18: https://www.wunderground.com/dashboard/pws/KCABERKE272/table/2026-04-18/2026-04-18/daily
  2026-04-18: 287 rows appended
Fetching weather for 2026-04-19: https://www.wunderground.com/dashboard/pws/KCABERKE272/table/2026-04-19/2026-04-19/daily
  2026-04-19: 288 rows appended
Fetching weather for 2026-04-20: https://www.wunderground.com/dashboard/pws/KCABERKE272/table/2026-04-20/2026-04-20/daily
  2026-04-20: 142 rows appended
Weather gathering complete: 3308 total rows appended
weather_gatherer.py exit code: 0

--- raw_analysis.py ---
resorted the weather data
Collection created
sample_collection::read_hdf: loading from /home/dosenet/radwatch-airmonitor/data/rebin.h5
Loaded roi_counts with shape (473, 7, 2)
Loaded roi_labels: ['Pb214', 'Bi214', 'Pb212', 'Tl208', 'K40', 'Cs134', 'Cs137']
Loaded k40_median_counts = 102.58
Loaded 473 samples from HDF5
Successfully loaded 473 samples
Loaded existing data: 473 rebinned samples
Date range: 2026-03-02 01:48:40+00:00 to 2026-04-20 09:37:51+00:00

Building collection from new files...
Looking for spectral files in: /home/dosenet/Dropbox/UCB Air Monitor/Data/Roof/current/
Parsing weather data from: /home/dosenet/radwatch-airmonitor/data/weather_sorted.csv
Traceback (most recent call last):
  File "/home/dosenet/radwatch-airmonitor/image_scripts/analysis/raw_analysis.py", line 240, in <module>
    col_new.build_collection_incremental(spec_dir, weat_csv_sorted, last_processed_marker)
  File "/home/dosenet/radwatch-airmonitor/image_scripts/analysis/../../image_scripts/sample_collection.py", line 658, in build_collection_incremental
    list_of_lists, units, label, is_time_str, order = weather_utils.parse_weather_data(weather_csv)
                                                      ^^^^^^^^^^^^^^^^^^^^^^^^^^^^^^^^^^^^^^^^^^^^^
  File "/home/dosenet/radwatch-airmonitor/image_scripts/analysis/../weather_utils.py", line 207, in parse_weather_data
    list_of_lists[k].append(float(row[order[k]]))
                            ^^^^^^^^^^^^^^^^^^^^
ValueError: could not convert string to float: '--'
raw_analysis.py exit code: 1

--- h5_analysis.py ---
Loading from 'data' group
<HDF5 dataset "spectra": shape (473, 8192), type "<u4">
Traceback (most recent call last):
  File "/home/dosenet/radwatch-airmonitor/image_scripts/analysis/h5_analysis.py", line 119, in <module>
    csv_weather_raw, _, _, _, _ = weather_utils.parse_weather_data(weat_csv_sorted)
                                  ^^^^^^^^^^^^^^^^^^^^^^^^^^^^^^^^^^^^^^^^^^^^^^^^^
  File "/home/dosenet/radwatch-airmonitor/image_scripts/analysis/../../image_scripts/weather_utils.py", line 207, in parse_weather_data
    list_of_lists[k].append(float(row[order[k]]))
                            ^^^^^^^^^^^^^^^^^^^^
ValueError: could not convert string to float: '--'
h5_analysis.py exit code: 1

WARNING: raw_analysis.py failed (exit 1), plots may be stale
WARNING: h5_analysis.py failed (exit 1), skipping image deploy
--- Dropbox status ---
/home/dosenet/Dropbox/UCB Air Monitor/Data/Roof/current/2025/
/home/dosenet/Dropbox/UCB Air Monitor/Data/Roof/current/2026/
/home/dosenet/Dropbox/UCB Air Monitor/Data/Roof/current/temp_test_folder/
Total date dirs: 3
last_processed.txt: /home/dosenet/Dropbox/UCB Air Monitor/Data/Roof/current/temp_test_folder/2025-07-25_11-35-56-945017.CNF
rebin.h5 size: 15M
Generated PNGs: 16

--- Deploying via SFTP ---
ERROR: RADWATCH_SFTP_PASS not set
  export RADWATCH_SFTP_PASS='your-password'

========================================
Pipeline run: Mon Apr 20 12:00:02 PM PDT 2026
========================================
--- weather_gatherer.py ---
Weather data already current (last entry: 2026-04-20)
Fetching weather for 2026-04-20: https://www.wunderground.com/dashboard/pws/KCABERKE272/table/2026-04-20/2026-04-20/daily
  2026-04-20: 142 rows appended
Weather gathering complete: 142 total rows appended
weather_gatherer.py exit code: 0

--- raw_analysis.py ---
resorted the weather data
Collection created
sample_collection::read_hdf: loading from /home/dosenet/radwatch-airmonitor/data/rebin.h5
Loaded roi_counts with shape (473, 7, 2)
Loaded roi_labels: ['Pb214', 'Bi214', 'Pb212', 'Tl208', 'K40', 'Cs134', 'Cs137']
Loaded k40_median_counts = 102.58
Loaded 473 samples from HDF5
Successfully loaded 473 samples
Loaded existing data: 473 rebinned samples
Date range: 2026-03-02 01:48:40+00:00 to 2026-04-20 09:37:51+00:00

Building collection from new files...
Looking for spectral files in: /home/dosenet/Dropbox/UCB Air Monitor/Data/Roof/current/
Parsing weather data from: /home/dosenet/radwatch-airmonitor/data/weather_sorted.csv
Traceback (most recent call last):
  File "/home/dosenet/radwatch-airmonitor/image_scripts/analysis/raw_analysis.py", line 240, in <module>
    col_new.build_collection_incremental(spec_dir, weat_csv_sorted, last_processed_marker)
  File "/home/dosenet/radwatch-airmonitor/image_scripts/analysis/../../image_scripts/sample_collection.py", line 658, in build_collection_incremental
    list_of_lists, units, label, is_time_str, order = weather_utils.parse_weather_data(weather_csv)
                                                      ^^^^^^^^^^^^^^^^^^^^^^^^^^^^^^^^^^^^^^^^^^^^^
  File "/home/dosenet/radwatch-airmonitor/image_scripts/analysis/../weather_utils.py", line 207, in parse_weather_data
    list_of_lists[k].append(float(row[order[k]]))
                            ^^^^^^^^^^^^^^^^^^^^
ValueError: could not convert string to float: '--'
raw_analysis.py exit code: 1

--- h5_analysis.py ---
Loading from 'data' group
<HDF5 dataset "spectra": shape (473, 8192), type "<u4">
Traceback (most recent call last):
  File "/home/dosenet/radwatch-airmonitor/image_scripts/analysis/h5_analysis.py", line 119, in <module>
    csv_weather_raw, _, _, _, _ = weather_utils.parse_weather_data(weat_csv_sorted)
                                  ^^^^^^^^^^^^^^^^^^^^^^^^^^^^^^^^^^^^^^^^^^^^^^^^^
  File "/home/dosenet/radwatch-airmonitor/image_scripts/analysis/../../image_scripts/weather_utils.py", line 207, in parse_weather_data
    list_of_lists[k].append(float(row[order[k]]))
                            ^^^^^^^^^^^^^^^^^^^^
ValueError: could not convert string to float: '--'
h5_analysis.py exit code: 1

WARNING: raw_analysis.py failed (exit 1), plots may be stale
WARNING: h5_analysis.py failed (exit 1), skipping image deploy
--- Dropbox status ---
/home/dosenet/Dropbox/UCB Air Monitor/Data/Roof/current/2025/
/home/dosenet/Dropbox/UCB Air Monitor/Data/Roof/current/2026/
/home/dosenet/Dropbox/UCB Air Monitor/Data/Roof/current/temp_test_folder/
Total date dirs: 3
last_processed.txt: /home/dosenet/Dropbox/UCB Air Monitor/Data/Roof/current/temp_test_folder/2025-07-25_11-35-56-945017.CNF
rebin.h5 size: 15M
Generated PNGs: 16

--- Deploying via SFTP ---
Deploying /home/dosenet/radwatch-airmonitor/image_scripts/analysis/rooftop_tmp -> coeradwatch.sftp.wpengine.com:/test/
Files to upload:
17
Removing old file `iso_One_Day.png'
Transferring file `iso_One_Day.png'
Removing old file `iso_One_Day_small.png'
Transferring file `iso_One_Day_small.png'
Removing old file `iso_One_Month.png'
Transferring file `iso_One_Month.png'
Removing old file `iso_One_Week.png'
Transferring file `iso_One_Week.png'
Removing old file `iso_One_Year.png'
Transferring file `iso_One_Year.png'
Removing old file `last_update.png'
Transferring file `last_update.png'
Removing old file `most_recent_spectra.png'
Transferring file `most_recent_spectra.png'
Removing old file `out.png'
Transferring file `out.png'
Removing old file `rose_One_Day.png'
Transferring file `rose_One_Day.png'
Removing old file `rose_One_Month.png'
Transferring file `rose_One_Month.png'
Removing old file `rose_One_Week.png'
Transferring file `rose_One_Week.png'
Removing old file `rose_One_Year.png'
Transferring file `rose_One_Year.png'
Removing old file `trimmed_One_Day.png'
Transferring file `trimmed_One_Day.png'
Removing old file `trimmed_One_Month.png'
Transferring file `trimmed_One_Month.png'
Removing old file `trimmed_One_Week.png'
Transferring file `trimmed_One_Week.png'
Removing old file `trimmed_One_Year.png'
Transferring file `trimmed_One_Year.png'
Removing old file `weather_sorted.csv'
Transferring file `weather_sorted.csv'
chmod: Access failed: permission denied (./iso_One_Day.png)
chmod: Access failed: permission denied (./iso_One_Day_small.png)
chmod: Access failed: permission denied (./iso_One_Month.png)
chmod: Access failed: permission denied (./iso_One_Week.png)
chmod: Access failed: permission denied (./iso_One_Year.png)
chmod: Access failed: permission denied (./last_update.png)
chmod: Access failed: permission denied (./most_recent_spectra.png)
chmod: Access failed: permission denied (./out.png)
chmod: Access failed: permission denied (./rose_One_Day.png)
chmod: Access failed: permission denied (./rose_One_Month.png)
chmod: Access failed: permission denied (./rose_One_Week.png)
chmod: Access failed: permission denied (./rose_One_Year.png)
chmod: Access failed: permission denied (./trimmed_One_Day.png)
chmod: Access failed: permission denied (./trimmed_One_Month.png)
chmod: Access failed: permission denied (./trimmed_One_Week.png)
chmod: Access failed: permission denied (./trimmed_One_Year.png)
chmod: Access failed: permission denied (./weather_sorted.csv)
Deploy exit code: 1
